<?xml version="1.0" encoding="UTF-8"?>
<testsuite xmlns:xsi="http://www.w3.org/2001/XMLSchema-instance" xsi:noNamespaceSchemaLocation="https://maven.apache.org/surefire/maven-surefire-plugin/xsd/surefire-test-report-3.0.xsd" version="3.0" name="com.authb.api_auth.ApiAuthApplicationTests" time="1.867" tests="8" errors="0" skipped="0" failures="0">
  <properties>
[...]
</properties>
  <testcase name="testLoadUserByUsername_Success" classname="com.authb.api_auth.ApiAuthApplicationTests" time="1.742">
    <system-err><![CDATA[WARNING: A Java agent has been loaded dynamically (C:\Users\Eljac\.m2\repository\net\bytebuddy\byte-buddy-agent\1.14.19\byte-buddy-agent-1.14.19.jar)
WARNING: If a serviceability tool is in use, please run with -XX:+EnableDynamicAgentLoading to hide this warning
WARNING: If a serviceability tool is not in use, please run with -Djdk.instrument.traceUsage for more information
WARNING: Dynamic loading of agents will be disallowed by default in a future release
]]></system-err>
  </testcase>
  <testcase name="testToUserDto" classname="com.authb.api_auth.ApiAuthApplicationTests" time="0.008"/>
  <testcase name="testUpdateUser" classname="com.authb.api_auth.ApiAuthApplicationTests" time="0.025"/>
  <testcase name="testFindById" classname="com.authb.api_auth.ApiAuthApplicationTests" time="0.003"/>
  <testcase name="testFindByEmail" classname="com.authb.api_auth.ApiAuthApplicationTests" time="0.003"/>
  <testcase name="testLoadUserByUsername_UserNotFound" classname="com.authb.api_auth.ApiAuthApplicationTests" time="0.006"/>
  <testcase name="testSignUp" classname="com.authb.api_auth.ApiAuthApplicationTests" time="0.02">
    <system-out><![CDATA[UserDto(id=null, idType=1, city=1, gender=1, role=1, identificationNumber=null, firstName=Juan, lastName=Pérez, birthDate=null, phoneNumber=null, email=juan.perez@example.com, password=contraseña, avatarUrl=null, address=null)
]]></system-out>
  </testcase>
  <testcase name="testToUser" classname="com.authb.api_auth.ApiAuthApplicationTests" time="0.003">
    <system-out><![CDATA[UserDto(id=1, idType=1, city=1, gender=1, role=1, identificationNumber=12345678, firstName=Pedro, lastName=Sanchez, birthDate=20 de Octubre de 1990, phoneNumber=1234567890, email=PeSa@gmail.com, password=contraseña, avatarUrl=http://ejemplo.com/avatar.jpg, address=calle 45 # 80 - 29)
]]></system-out>
  </testcase>
</testsuite>